{"/Users/pawanbenjamin/Projects/shopper-bopper/server/app.js": {"path":"/Users/pawanbenjamin/Projects/shopper-bopper/server/app.js","statementMap":{"0":{"start":{"line":1,"column":16},"end":{"line":1,"column":34}},"1":{"start":{"line":2,"column":13},"end":{"line":2,"column":28}},"2":{"start":{"line":3,"column":21},"end":{"line":3,"column":45}},"3":{"start":{"line":5,"column":0},"end":{"line":5,"column":27}},"4":{"start":{"line":7,"column":19},"end":{"line":7,"column":40}},"5":{"start":{"line":9,"column":12},"end":{"line":9,"column":21}},"6":{"start":{"line":11,"column":0},"end":{"line":11,"column":20}},"7":{"start":{"line":12,"column":0},"end":{"line":12,"column":24}},"8":{"start":{"line":13,"column":0},"end":{"line":13,"column":49}},"9":{"start":{"line":14,"column":0},"end":{"line":14,"column":52}},"10":{"start":{"line":15,"column":0},"end":{"line":15,"column":56}},"11":{"start":{"line":16,"column":0},"end":{"line":16,"column":68}},"12":{"start":{"line":18,"column":0},"end":{"line":18,"column":43}},"13":{"start":{"line":19,"column":0},"end":{"line":19,"column":37}},"14":{"start":{"line":25,"column":0},"end":{"line":30,"column":3}},"15":{"start":{"line":26,"column":2},"end":{"line":29,"column":5}},"16":{"start":{"line":32,"column":0},"end":{"line":32,"column":21}}},"fnMap":{"0":{"name":"(anonymous_0)","decl":{"start":{"line":25,"column":13},"end":{"line":25,"column":14}},"loc":{"start":{"line":25,"column":27},"end":{"line":30,"column":1}},"line":25}},"branchMap":{},"s":{"0":1,"1":1,"2":1,"3":1,"4":1,"5":1,"6":1,"7":1,"8":1,"9":1,"10":1,"11":1,"12":1,"13":1,"14":1,"15":1,"16":1},"f":{"0":1},"b":{},"_coverageSchema":"1a1c01bbd47fc00a2c39e90264f33305004495a9","hash":"1cdf1cb4e2a25c6accb7c120b9c79e0f85d9448d"}
,"/Users/pawanbenjamin/Projects/shopper-bopper/server/db/index.js": {"path":"/Users/pawanbenjamin/Projects/shopper-bopper/server/db/index.js","statementMap":{"0":{"start":{"line":7,"column":4},"end":{"line":7,"column":22}},"1":{"start":{"line":14,"column":4},"end":{"line":14,"column":25}},"2":{"start":{"line":24,"column":4},"end":{"line":24,"column":23}},"3":{"start":{"line":30,"column":4},"end":{"line":30,"column":32}},"4":{"start":{"line":32,"column":0},"end":{"line":53,"column":2}}},"fnMap":{},"branchMap":{},"s":{"0":1,"1":1,"2":1,"3":1,"4":1},"f":{},"b":{},"_coverageSchema":"1a1c01bbd47fc00a2c39e90264f33305004495a9","hash":"4dedad9de216ea9473faea60cac5725d4fe18202"}
,"/Users/pawanbenjamin/Projects/shopper-bopper/server/db/orders.js": {"path":"/Users/pawanbenjamin/Projects/shopper-bopper/server/db/orders.js","statementMap":{"0":{"start":{"line":1,"column":13},"end":{"line":1,"column":30}},"1":{"start":{"line":6,"column":6},"end":{"line":13,"column":3}},"2":{"start":{"line":14,"column":2},"end":{"line":14,"column":15}},"3":{"start":{"line":18,"column":19},"end":{"line":20,"column":6}},"4":{"start":{"line":21,"column":2},"end":{"line":21,"column":14}},"5":{"start":{"line":27,"column":6},"end":{"line":38,"column":3}},"6":{"start":{"line":39,"column":2},"end":{"line":39,"column":15}},"7":{"start":{"line":45,"column":6},"end":{"line":55,"column":3}},"8":{"start":{"line":56,"column":2},"end":{"line":56,"column":16}},"9":{"start":{"line":61,"column":19},"end":{"line":72,"column":3}},"10":{"start":{"line":74,"column":2},"end":{"line":74,"column":14}},"11":{"start":{"line":80,"column":6},"end":{"line":87,"column":3}},"12":{"start":{"line":88,"column":2},"end":{"line":88,"column":15}},"13":{"start":{"line":92,"column":23},"end":{"line":98,"column":3}},"14":{"start":{"line":99,"column":2},"end":{"line":99,"column":22}},"15":{"start":{"line":102,"column":0},"end":{"line":110,"column":2}}},"fnMap":{"0":{"name":"createOrderByUserId","decl":{"start":{"line":3,"column":15},"end":{"line":3,"column":34}},"loc":{"start":{"line":3,"column":43},"end":{"line":15,"column":1}},"line":3},"1":{"name":"getAllOrders","decl":{"start":{"line":17,"column":15},"end":{"line":17,"column":27}},"loc":{"start":{"line":17,"column":30},"end":{"line":22,"column":1}},"line":17},"2":{"name":"getOrderById","decl":{"start":{"line":24,"column":15},"end":{"line":24,"column":27}},"loc":{"start":{"line":24,"column":37},"end":{"line":40,"column":1}},"line":24},"3":{"name":"getAllOrdersByUserId","decl":{"start":{"line":42,"column":15},"end":{"line":42,"column":35}},"loc":{"start":{"line":42,"column":44},"end":{"line":57,"column":1}},"line":42},"4":{"name":"getCart","decl":{"start":{"line":60,"column":15},"end":{"line":60,"column":22}},"loc":{"start":{"line":60,"column":31},"end":{"line":75,"column":1}},"line":60},"5":{"name":"purchaseCart","decl":{"start":{"line":77,"column":15},"end":{"line":77,"column":27}},"loc":{"start":{"line":77,"column":37},"end":{"line":89,"column":1}},"line":77},"6":{"name":"deleteOrderById","decl":{"start":{"line":91,"column":15},"end":{"line":91,"column":30}},"loc":{"start":{"line":91,"column":40},"end":{"line":100,"column":1}},"line":91}},"branchMap":{},"s":{"0":1,"1":0,"2":0,"3":0,"4":0,"5":0,"6":0,"7":0,"8":0,"9":0,"10":0,"11":0,"12":0,"13":0,"14":0,"15":1},"f":{"0":0,"1":0,"2":0,"3":0,"4":0,"5":0,"6":0},"b":{},"_coverageSchema":"1a1c01bbd47fc00a2c39e90264f33305004495a9","hash":"a98e1848b1b1cf4a219dce81d4c78ec94cde18e0"}
,"/Users/pawanbenjamin/Projects/shopper-bopper/server/db/orders_products.js": {"path":"/Users/pawanbenjamin/Projects/shopper-bopper/server/db/orders_products.js","statementMap":{"0":{"start":{"line":1,"column":13},"end":{"line":1,"column":30}},"1":{"start":{"line":6,"column":6},"end":{"line":13,"column":3}},"2":{"start":{"line":14,"column":2},"end":{"line":14,"column":23}},"3":{"start":{"line":20,"column":6},"end":{"line":27,"column":3}},"4":{"start":{"line":28,"column":2},"end":{"line":28,"column":43}},"5":{"start":{"line":29,"column":2},"end":{"line":29,"column":23}},"6":{"start":{"line":35,"column":6},"end":{"line":42,"column":3}},"7":{"start":{"line":43,"column":2},"end":{"line":43,"column":23}},"8":{"start":{"line":46,"column":0},"end":{"line":46,"column":64}}},"fnMap":{"0":{"name":"addToCart","decl":{"start":{"line":3,"column":15},"end":{"line":3,"column":24}},"loc":{"start":{"line":3,"column":54},"end":{"line":15,"column":1}},"line":3},"1":{"name":"removeFromCart","decl":{"start":{"line":17,"column":15},"end":{"line":17,"column":29}},"loc":{"start":{"line":17,"column":54},"end":{"line":30,"column":1}},"line":17},"2":{"name":"updateQtyInCart","decl":{"start":{"line":32,"column":15},"end":{"line":32,"column":30}},"loc":{"start":{"line":32,"column":60},"end":{"line":44,"column":1}},"line":32}},"branchMap":{},"s":{"0":1,"1":0,"2":0,"3":0,"4":0,"5":0,"6":0,"7":0,"8":1},"f":{"0":0,"1":0,"2":0},"b":{},"_coverageSchema":"1a1c01bbd47fc00a2c39e90264f33305004495a9","hash":"24068d31703e57e63107328f38239a5bebc73d93"}
,"/Users/pawanbenjamin/Projects/shopper-bopper/server/db/pool.js": {"path":"/Users/pawanbenjamin/Projects/shopper-bopper/server/db/pool.js","statementMap":{"0":{"start":{"line":1,"column":17},"end":{"line":1,"column":30}},"1":{"start":{"line":4,"column":2},"end":{"line":4,"column":69}},"2":{"start":{"line":6,"column":13},"end":{"line":12,"column":2}},"3":{"start":{"line":14,"column":0},"end":{"line":14,"column":22}}},"fnMap":{},"branchMap":{"0":{"loc":{"start":{"line":4,"column":2},"end":{"line":4,"column":69}},"type":"binary-expr","locations":[{"start":{"line":4,"column":2},"end":{"line":4,"column":26}},{"start":{"line":4,"column":30},"end":{"line":4,"column":69}}],"line":4},"1":{"loc":{"start":{"line":9,"column":4},"end":{"line":11,"column":17}},"type":"cond-expr","locations":[{"start":{"line":10,"column":8},"end":{"line":10,"column":37}},{"start":{"line":11,"column":8},"end":{"line":11,"column":17}}],"line":9}},"s":{"0":1,"1":1,"2":1,"3":1},"f":{},"b":{"0":[1,1],"1":[0,1]},"_coverageSchema":"1a1c01bbd47fc00a2c39e90264f33305004495a9","hash":"6a940fccc6430a1ab35c714e34fdbff0c162096d"}
,"/Users/pawanbenjamin/Projects/shopper-bopper/server/db/products.js": {"path":"/Users/pawanbenjamin/Projects/shopper-bopper/server/db/products.js","statementMap":{"0":{"start":{"line":1,"column":13},"end":{"line":1,"column":30}},"1":{"start":{"line":6,"column":6},"end":{"line":13,"column":3}},"2":{"start":{"line":14,"column":2},"end":{"line":14,"column":17}},"3":{"start":{"line":18,"column":19},"end":{"line":20,"column":6}},"4":{"start":{"line":21,"column":2},"end":{"line":21,"column":14}},"5":{"start":{"line":27,"column":6},"end":{"line":33,"column":3}},"6":{"start":{"line":34,"column":2},"end":{"line":34,"column":17}},"7":{"start":{"line":40,"column":6},"end":{"line":48,"column":3}},"8":{"start":{"line":49,"column":2},"end":{"line":49,"column":17}},"9":{"start":{"line":56,"column":6},"end":{"line":63,"column":3}},"10":{"start":{"line":64,"column":2},"end":{"line":64,"column":43}},"11":{"start":{"line":65,"column":2},"end":{"line":65,"column":17}},"12":{"start":{"line":68,"column":0},"end":{"line":74,"column":2}}},"fnMap":{"0":{"name":"createProduct","decl":{"start":{"line":3,"column":15},"end":{"line":3,"column":28}},"loc":{"start":{"line":3,"column":69},"end":{"line":15,"column":1}},"line":3},"1":{"name":"getAllProducts","decl":{"start":{"line":17,"column":15},"end":{"line":17,"column":29}},"loc":{"start":{"line":17,"column":32},"end":{"line":22,"column":1}},"line":17},"2":{"name":"getProductById","decl":{"start":{"line":24,"column":15},"end":{"line":24,"column":29}},"loc":{"start":{"line":24,"column":41},"end":{"line":35,"column":1}},"line":24},"3":{"name":"updateProduct","decl":{"start":{"line":37,"column":15},"end":{"line":37,"column":28}},"loc":{"start":{"line":37,"column":73},"end":{"line":50,"column":1}},"line":37},"4":{"name":"deleteProduct","decl":{"start":{"line":53,"column":15},"end":{"line":53,"column":28}},"loc":{"start":{"line":53,"column":40},"end":{"line":66,"column":1}},"line":53}},"branchMap":{},"s":{"0":1,"1":0,"2":0,"3":0,"4":0,"5":0,"6":0,"7":0,"8":0,"9":0,"10":0,"11":0,"12":1},"f":{"0":0,"1":0,"2":0,"3":0,"4":0},"b":{},"_coverageSchema":"1a1c01bbd47fc00a2c39e90264f33305004495a9","hash":"42507f66d1178a2c6bd2835b2fe6699a390beeb8"}
,"/Users/pawanbenjamin/Projects/shopper-bopper/server/db/users.js": {"path":"/Users/pawanbenjamin/Projects/shopper-bopper/server/db/users.js","statementMap":{"0":{"start":{"line":1,"column":13},"end":{"line":1,"column":30}},"1":{"start":{"line":6,"column":6},"end":{"line":13,"column":3}},"2":{"start":{"line":14,"column":2},"end":{"line":14,"column":14}},"3":{"start":{"line":20,"column":6},"end":{"line":26,"column":3}},"4":{"start":{"line":27,"column":2},"end":{"line":27,"column":14}},"5":{"start":{"line":33,"column":6},"end":{"line":39,"column":3}},"6":{"start":{"line":40,"column":2},"end":{"line":40,"column":14}},"7":{"start":{"line":46,"column":6},"end":{"line":54,"column":3}},"8":{"start":{"line":55,"column":2},"end":{"line":55,"column":14}},"9":{"start":{"line":62,"column":6},"end":{"line":69,"column":3}},"10":{"start":{"line":70,"column":2},"end":{"line":70,"column":14}},"11":{"start":{"line":73,"column":0},"end":{"line":73,"column":76}}},"fnMap":{"0":{"name":"createUser","decl":{"start":{"line":3,"column":15},"end":{"line":3,"column":25}},"loc":{"start":{"line":3,"column":50},"end":{"line":15,"column":1}},"line":3},"1":{"name":"getUser","decl":{"start":{"line":17,"column":15},"end":{"line":17,"column":22}},"loc":{"start":{"line":17,"column":31},"end":{"line":28,"column":1}},"line":17},"2":{"name":"loginUser","decl":{"start":{"line":30,"column":15},"end":{"line":30,"column":24}},"loc":{"start":{"line":30,"column":35},"end":{"line":41,"column":1}},"line":30},"3":{"name":"updateUser","decl":{"start":{"line":43,"column":15},"end":{"line":43,"column":25}},"loc":{"start":{"line":43,"column":54},"end":{"line":56,"column":1}},"line":43},"4":{"name":"deleteUser","decl":{"start":{"line":59,"column":15},"end":{"line":59,"column":25}},"loc":{"start":{"line":59,"column":34},"end":{"line":71,"column":1}},"line":59}},"branchMap":{},"s":{"0":1,"1":0,"2":0,"3":0,"4":0,"5":0,"6":0,"7":0,"8":0,"9":0,"10":0,"11":1},"f":{"0":0,"1":0,"2":0,"3":0,"4":0},"b":{},"_coverageSchema":"1a1c01bbd47fc00a2c39e90264f33305004495a9","hash":"63738608e20faf9b9f638171e608c1ba2e797147"}
,"/Users/pawanbenjamin/Projects/shopper-bopper/server/routes/auth.js": {"path":"/Users/pawanbenjamin/Projects/shopper-bopper/server/routes/auth.js","statementMap":{"0":{"start":{"line":1,"column":15},"end":{"line":1,"column":32}},"1":{"start":{"line":2,"column":19},"end":{"line":2,"column":46}},"2":{"start":{"line":3,"column":12},"end":{"line":3,"column":35}},"3":{"start":{"line":9,"column":4},"end":{"line":9,"column":20}},"4":{"start":{"line":11,"column":19},"end":{"line":11,"column":21}},"5":{"start":{"line":13,"column":0},"end":{"line":37,"column":3}},"6":{"start":{"line":14,"column":2},"end":{"line":36,"column":3}},"7":{"start":{"line":15,"column":35},"end":{"line":15,"column":43}},"8":{"start":{"line":17,"column":17},"end":{"line":17,"column":56}},"9":{"start":{"line":18,"column":17},"end":{"line":18,"column":63}},"10":{"start":{"line":20,"column":4},"end":{"line":20,"column":25}},"11":{"start":{"line":22,"column":18},"end":{"line":22,"column":59}},"12":{"start":{"line":24,"column":4},"end":{"line":28,"column":7}},"13":{"start":{"line":30,"column":17},"end":{"line":30,"column":51}},"14":{"start":{"line":31,"column":4},"end":{"line":31,"column":26}},"15":{"start":{"line":33,"column":4},"end":{"line":33,"column":19}},"16":{"start":{"line":35,"column":4},"end":{"line":35,"column":16}},"17":{"start":{"line":39,"column":0},"end":{"line":69,"column":3}},"18":{"start":{"line":40,"column":2},"end":{"line":68,"column":3}},"19":{"start":{"line":41,"column":35},"end":{"line":41,"column":43}},"20":{"start":{"line":43,"column":17},"end":{"line":43,"column":42}},"21":{"start":{"line":44,"column":4},"end":{"line":65,"column":5}},"22":{"start":{"line":45,"column":28},"end":{"line":45,"column":73}},"23":{"start":{"line":46,"column":6},"end":{"line":64,"column":7}},"24":{"start":{"line":47,"column":8},"end":{"line":47,"column":29}},"25":{"start":{"line":49,"column":22},"end":{"line":51,"column":10}},"26":{"start":{"line":53,"column":8},"end":{"line":57,"column":11}},"27":{"start":{"line":59,"column":21},"end":{"line":59,"column":43}},"28":{"start":{"line":60,"column":8},"end":{"line":60,"column":30}},"29":{"start":{"line":61,"column":8},"end":{"line":61,"column":23}},"30":{"start":{"line":63,"column":8},"end":{"line":63,"column":60}},"31":{"start":{"line":67,"column":4},"end":{"line":67,"column":16}},"32":{"start":{"line":71,"column":0},"end":{"line":85,"column":3}},"33":{"start":{"line":72,"column":2},"end":{"line":84,"column":3}},"34":{"start":{"line":73,"column":4},"end":{"line":77,"column":7}},"35":{"start":{"line":78,"column":4},"end":{"line":81,"column":7}},"36":{"start":{"line":83,"column":4},"end":{"line":83,"column":16}},"37":{"start":{"line":87,"column":0},"end":{"line":97,"column":3}},"38":{"start":{"line":88,"column":16},"end":{"line":88,"column":39}},"39":{"start":{"line":90,"column":2},"end":{"line":96,"column":3}},"40":{"start":{"line":91,"column":17},"end":{"line":91,"column":67}},"41":{"start":{"line":92,"column":4},"end":{"line":92,"column":22}},"42":{"start":{"line":93,"column":4},"end":{"line":93,"column":19}},"43":{"start":{"line":95,"column":4},"end":{"line":95,"column":16}},"44":{"start":{"line":99,"column":0},"end":{"line":99,"column":28}}},"fnMap":{"0":{"name":"(anonymous_0)","decl":{"start":{"line":13,"column":29},"end":{"line":13,"column":30}},"loc":{"start":{"line":13,"column":55},"end":{"line":37,"column":1}},"line":13},"1":{"name":"(anonymous_1)","decl":{"start":{"line":39,"column":26},"end":{"line":39,"column":27}},"loc":{"start":{"line":39,"column":52},"end":{"line":69,"column":1}},"line":39},"2":{"name":"(anonymous_2)","decl":{"start":{"line":71,"column":27},"end":{"line":71,"column":28}},"loc":{"start":{"line":71,"column":53},"end":{"line":85,"column":1}},"line":71},"3":{"name":"(anonymous_3)","decl":{"start":{"line":87,"column":22},"end":{"line":87,"column":23}},"loc":{"start":{"line":87,"column":48},"end":{"line":97,"column":1}},"line":87}},"branchMap":{"0":{"loc":{"start":{"line":44,"column":4},"end":{"line":65,"column":5}},"type":"if","locations":[{"start":{"line":44,"column":4},"end":{"line":65,"column":5}},{"start":{},"end":{}}],"line":44},"1":{"loc":{"start":{"line":46,"column":6},"end":{"line":64,"column":7}},"type":"if","locations":[{"start":{"line":46,"column":6},"end":{"line":64,"column":7}},{"start":{"line":62,"column":13},"end":{"line":64,"column":7}}],"line":46}},"s":{"0":1,"1":1,"2":1,"3":1,"4":1,"5":1,"6":0,"7":0,"8":0,"9":0,"10":0,"11":0,"12":0,"13":0,"14":0,"15":0,"16":0,"17":1,"18":0,"19":0,"20":0,"21":0,"22":0,"23":0,"24":0,"25":0,"26":0,"27":0,"28":0,"29":0,"30":0,"31":0,"32":1,"33":0,"34":0,"35":0,"36":0,"37":1,"38":0,"39":0,"40":0,"41":0,"42":0,"43":0,"44":1},"f":{"0":0,"1":0,"2":0,"3":0},"b":{"0":[0,0],"1":[0,0]},"_coverageSchema":"1a1c01bbd47fc00a2c39e90264f33305004495a9","hash":"afa13958af8ca3cca557671e3914ae28ab28817e"}
,"/Users/pawanbenjamin/Projects/shopper-bopper/server/routes/index.js": {"path":"/Users/pawanbenjamin/Projects/shopper-bopper/server/routes/index.js","statementMap":{"0":{"start":{"line":1,"column":18},"end":{"line":1,"column":45}},"1":{"start":{"line":2,"column":12},"end":{"line":2,"column":35}},"2":{"start":{"line":4,"column":21},"end":{"line":16,"column":1}},"3":{"start":{"line":5,"column":16},"end":{"line":5,"column":39}},"4":{"start":{"line":6,"column":2},"end":{"line":14,"column":3}},"5":{"start":{"line":7,"column":4},"end":{"line":7,"column":49}},"6":{"start":{"line":9,"column":4},"end":{"line":12,"column":7}},"7":{"start":{"line":13,"column":4},"end":{"line":13,"column":11}},"8":{"start":{"line":15,"column":2},"end":{"line":15,"column":9}},"9":{"start":{"line":18,"column":0},"end":{"line":18,"column":64}},"10":{"start":{"line":20,"column":0},"end":{"line":20,"column":56}},"11":{"start":{"line":22,"column":0},"end":{"line":22,"column":66}},"12":{"start":{"line":24,"column":0},"end":{"line":24,"column":70}},"13":{"start":{"line":26,"column":0},"end":{"line":26,"column":27}}},"fnMap":{"0":{"name":"(anonymous_0)","decl":{"start":{"line":4,"column":21},"end":{"line":4,"column":22}},"loc":{"start":{"line":4,"column":41},"end":{"line":16,"column":1}},"line":4}},"branchMap":{},"s":{"0":1,"1":1,"2":1,"3":0,"4":0,"5":0,"6":0,"7":0,"8":0,"9":1,"10":1,"11":1,"12":1,"13":1},"f":{"0":0},"b":{},"_coverageSchema":"1a1c01bbd47fc00a2c39e90264f33305004495a9","hash":"666e6516357313af38b276b92c29dc83a220979b"}
,"/Users/pawanbenjamin/Projects/shopper-bopper/server/routes/ordersRouter.js": {"path":"/Users/pawanbenjamin/Projects/shopper-bopper/server/routes/ordersRouter.js","statementMap":{"0":{"start":{"line":1,"column":21},"end":{"line":1,"column":48}},"1":{"start":{"line":11,"column":4},"end":{"line":11,"column":20}},"2":{"start":{"line":14,"column":0},"end":{"line":21,"column":3}},"3":{"start":{"line":15,"column":2},"end":{"line":20,"column":3}},"4":{"start":{"line":16,"column":19},"end":{"line":16,"column":39}},"5":{"start":{"line":17,"column":4},"end":{"line":17,"column":21}},"6":{"start":{"line":19,"column":4},"end":{"line":19,"column":16}},"7":{"start":{"line":24,"column":0},"end":{"line":32,"column":3}},"8":{"start":{"line":25,"column":2},"end":{"line":31,"column":3}},"9":{"start":{"line":26,"column":18},"end":{"line":26,"column":51}},"10":{"start":{"line":28,"column":4},"end":{"line":28,"column":20}},"11":{"start":{"line":30,"column":4},"end":{"line":30,"column":16}},"12":{"start":{"line":35,"column":0},"end":{"line":42,"column":3}},"13":{"start":{"line":36,"column":2},"end":{"line":41,"column":3}},"14":{"start":{"line":37,"column":18},"end":{"line":37,"column":62}},"15":{"start":{"line":38,"column":4},"end":{"line":38,"column":20}},"16":{"start":{"line":40,"column":4},"end":{"line":40,"column":16}},"17":{"start":{"line":45,"column":0},"end":{"line":52,"column":3}},"18":{"start":{"line":46,"column":2},"end":{"line":51,"column":3}},"19":{"start":{"line":47,"column":17},"end":{"line":47,"column":49}},"20":{"start":{"line":48,"column":4},"end":{"line":48,"column":19}},"21":{"start":{"line":50,"column":4},"end":{"line":50,"column":16}},"22":{"start":{"line":55,"column":0},"end":{"line":62,"column":3}},"23":{"start":{"line":56,"column":2},"end":{"line":61,"column":3}},"24":{"start":{"line":57,"column":19},"end":{"line":57,"column":64}},"25":{"start":{"line":58,"column":4},"end":{"line":58,"column":21}},"26":{"start":{"line":60,"column":4},"end":{"line":60,"column":16}},"27":{"start":{"line":64,"column":0},"end":{"line":71,"column":3}},"28":{"start":{"line":65,"column":2},"end":{"line":70,"column":3}},"29":{"start":{"line":66,"column":27},"end":{"line":66,"column":65}},"30":{"start":{"line":67,"column":4},"end":{"line":67,"column":29}},"31":{"start":{"line":69,"column":4},"end":{"line":69,"column":16}},"32":{"start":{"line":74,"column":0},"end":{"line":81,"column":3}},"33":{"start":{"line":75,"column":2},"end":{"line":80,"column":3}},"34":{"start":{"line":76,"column":25},"end":{"line":76,"column":61}},"35":{"start":{"line":77,"column":4},"end":{"line":77,"column":27}},"36":{"start":{"line":79,"column":4},"end":{"line":79,"column":16}},"37":{"start":{"line":83,"column":0},"end":{"line":83,"column":30}}},"fnMap":{"0":{"name":"(anonymous_0)","decl":{"start":{"line":14,"column":22},"end":{"line":14,"column":23}},"loc":{"start":{"line":14,"column":48},"end":{"line":21,"column":1}},"line":14},"1":{"name":"(anonymous_1)","decl":{"start":{"line":24,"column":25},"end":{"line":24,"column":26}},"loc":{"start":{"line":24,"column":51},"end":{"line":32,"column":1}},"line":24},"2":{"name":"(anonymous_2)","decl":{"start":{"line":35,"column":35},"end":{"line":35,"column":36}},"loc":{"start":{"line":35,"column":61},"end":{"line":42,"column":1}},"line":35},"3":{"name":"(anonymous_3)","decl":{"start":{"line":45,"column":39},"end":{"line":45,"column":40}},"loc":{"start":{"line":45,"column":65},"end":{"line":52,"column":1}},"line":45},"4":{"name":"(anonymous_4)","decl":{"start":{"line":55,"column":34},"end":{"line":55,"column":35}},"loc":{"start":{"line":55,"column":60},"end":{"line":62,"column":1}},"line":55},"5":{"name":"(anonymous_5)","decl":{"start":{"line":64,"column":30},"end":{"line":64,"column":31}},"loc":{"start":{"line":64,"column":56},"end":{"line":71,"column":1}},"line":64},"6":{"name":"(anonymous_6)","decl":{"start":{"line":74,"column":28},"end":{"line":74,"column":29}},"loc":{"start":{"line":74,"column":54},"end":{"line":81,"column":1}},"line":74}},"branchMap":{},"s":{"0":1,"1":1,"2":1,"3":0,"4":0,"5":0,"6":0,"7":1,"8":0,"9":0,"10":0,"11":0,"12":1,"13":0,"14":0,"15":0,"16":0,"17":1,"18":0,"19":0,"20":0,"21":0,"22":1,"23":0,"24":0,"25":0,"26":0,"27":1,"28":0,"29":0,"30":0,"31":0,"32":1,"33":0,"34":0,"35":0,"36":0,"37":1},"f":{"0":0,"1":0,"2":0,"3":0,"4":0,"5":0,"6":0},"b":{},"_coverageSchema":"1a1c01bbd47fc00a2c39e90264f33305004495a9","hash":"d4fb0cda0f394b111b1be234b448afbd126e1f67"}
,"/Users/pawanbenjamin/Projects/shopper-bopper/server/routes/orders_productsRouter.js": {"path":"/Users/pawanbenjamin/Projects/shopper-bopper/server/routes/orders_productsRouter.js","statementMap":{"0":{"start":{"line":1,"column":30},"end":{"line":1,"column":57}},"1":{"start":{"line":3,"column":55},"end":{"line":3,"column":71}},"2":{"start":{"line":6,"column":0},"end":{"line":14,"column":3}},"3":{"start":{"line":7,"column":2},"end":{"line":13,"column":3}},"4":{"start":{"line":8,"column":4},"end":{"line":8,"column":38}},"5":{"start":{"line":9,"column":26},"end":{"line":9,"column":51}},"6":{"start":{"line":10,"column":4},"end":{"line":10,"column":28}},"7":{"start":{"line":12,"column":4},"end":{"line":12,"column":16}},"8":{"start":{"line":17,"column":0},"end":{"line":24,"column":3}},"9":{"start":{"line":18,"column":2},"end":{"line":23,"column":3}},"10":{"start":{"line":19,"column":32},"end":{"line":19,"column":62}},"11":{"start":{"line":20,"column":4},"end":{"line":20,"column":34}},"12":{"start":{"line":22,"column":4},"end":{"line":22,"column":16}},"13":{"start":{"line":27,"column":0},"end":{"line":34,"column":3}},"14":{"start":{"line":28,"column":2},"end":{"line":33,"column":3}},"15":{"start":{"line":29,"column":23},"end":{"line":29,"column":54}},"16":{"start":{"line":30,"column":4},"end":{"line":30,"column":25}},"17":{"start":{"line":32,"column":4},"end":{"line":32,"column":16}},"18":{"start":{"line":36,"column":0},"end":{"line":36,"column":39}}},"fnMap":{"0":{"name":"(anonymous_0)","decl":{"start":{"line":6,"column":32},"end":{"line":6,"column":33}},"loc":{"start":{"line":6,"column":58},"end":{"line":14,"column":1}},"line":6},"1":{"name":"(anonymous_1)","decl":{"start":{"line":17,"column":34},"end":{"line":17,"column":35}},"loc":{"start":{"line":17,"column":60},"end":{"line":24,"column":1}},"line":17},"2":{"name":"(anonymous_2)","decl":{"start":{"line":27,"column":31},"end":{"line":27,"column":32}},"loc":{"start":{"line":27,"column":57},"end":{"line":34,"column":1}},"line":27}},"branchMap":{},"s":{"0":1,"1":1,"2":1,"3":0,"4":0,"5":0,"6":0,"7":0,"8":1,"9":0,"10":0,"11":0,"12":0,"13":1,"14":0,"15":0,"16":0,"17":0,"18":1},"f":{"0":0,"1":0,"2":0},"b":{},"_coverageSchema":"1a1c01bbd47fc00a2c39e90264f33305004495a9","hash":"ea3681b8d9c8db854344617c87b27d6efa55faaa"}
,"/Users/pawanbenjamin/Projects/shopper-bopper/server/routes/productsRouter.js": {"path":"/Users/pawanbenjamin/Projects/shopper-bopper/server/routes/productsRouter.js","statementMap":{"0":{"start":{"line":1,"column":23},"end":{"line":1,"column":50}},"1":{"start":{"line":9,"column":4},"end":{"line":9,"column":20}},"2":{"start":{"line":12,"column":0},"end":{"line":19,"column":3}},"3":{"start":{"line":13,"column":2},"end":{"line":18,"column":3}},"4":{"start":{"line":14,"column":21},"end":{"line":14,"column":43}},"5":{"start":{"line":15,"column":4},"end":{"line":15,"column":23}},"6":{"start":{"line":17,"column":4},"end":{"line":17,"column":16}},"7":{"start":{"line":22,"column":0},"end":{"line":29,"column":3}},"8":{"start":{"line":23,"column":2},"end":{"line":28,"column":3}},"9":{"start":{"line":24,"column":20},"end":{"line":24,"column":55}},"10":{"start":{"line":25,"column":4},"end":{"line":25,"column":22}},"11":{"start":{"line":27,"column":4},"end":{"line":27,"column":16}},"12":{"start":{"line":32,"column":0},"end":{"line":39,"column":3}},"13":{"start":{"line":33,"column":2},"end":{"line":38,"column":3}},"14":{"start":{"line":34,"column":20},"end":{"line":34,"column":49}},"15":{"start":{"line":35,"column":4},"end":{"line":35,"column":22}},"16":{"start":{"line":37,"column":4},"end":{"line":37,"column":16}},"17":{"start":{"line":42,"column":0},"end":{"line":49,"column":3}},"18":{"start":{"line":43,"column":2},"end":{"line":48,"column":3}},"19":{"start":{"line":44,"column":20},"end":{"line":44,"column":49}},"20":{"start":{"line":45,"column":4},"end":{"line":45,"column":22}},"21":{"start":{"line":47,"column":4},"end":{"line":47,"column":16}},"22":{"start":{"line":52,"column":0},"end":{"line":59,"column":3}},"23":{"start":{"line":53,"column":2},"end":{"line":58,"column":3}},"24":{"start":{"line":54,"column":27},"end":{"line":54,"column":61}},"25":{"start":{"line":55,"column":4},"end":{"line":55,"column":29}},"26":{"start":{"line":57,"column":4},"end":{"line":57,"column":16}},"27":{"start":{"line":61,"column":0},"end":{"line":61,"column":32}}},"fnMap":{"0":{"name":"(anonymous_0)","decl":{"start":{"line":12,"column":24},"end":{"line":12,"column":25}},"loc":{"start":{"line":12,"column":50},"end":{"line":19,"column":1}},"line":12},"1":{"name":"(anonymous_1)","decl":{"start":{"line":22,"column":27},"end":{"line":22,"column":28}},"loc":{"start":{"line":22,"column":53},"end":{"line":29,"column":1}},"line":22},"2":{"name":"(anonymous_2)","decl":{"start":{"line":32,"column":25},"end":{"line":32,"column":26}},"loc":{"start":{"line":32,"column":51},"end":{"line":39,"column":1}},"line":32},"3":{"name":"(anonymous_3)","decl":{"start":{"line":42,"column":27},"end":{"line":42,"column":28}},"loc":{"start":{"line":42,"column":53},"end":{"line":49,"column":1}},"line":42},"4":{"name":"(anonymous_4)","decl":{"start":{"line":52,"column":30},"end":{"line":52,"column":31}},"loc":{"start":{"line":52,"column":56},"end":{"line":59,"column":1}},"line":52}},"branchMap":{},"s":{"0":1,"1":1,"2":1,"3":0,"4":0,"5":0,"6":0,"7":1,"8":0,"9":0,"10":0,"11":0,"12":1,"13":0,"14":0,"15":0,"16":0,"17":1,"18":0,"19":0,"20":0,"21":0,"22":1,"23":0,"24":0,"25":0,"26":0,"27":1},"f":{"0":0,"1":0,"2":0,"3":0,"4":0},"b":{},"_coverageSchema":"1a1c01bbd47fc00a2c39e90264f33305004495a9","hash":"1ab3db63fdffef455e5c6f4fe210c3beab2145d3"}
,"/Users/pawanbenjamin/Projects/shopper-bopper/server/routes/usersRouter.js": {"path":"/Users/pawanbenjamin/Projects/shopper-bopper/server/routes/usersRouter.js","statementMap":{"0":{"start":{"line":1,"column":20},"end":{"line":1,"column":47}},"1":{"start":{"line":10,"column":4},"end":{"line":10,"column":20}},"2":{"start":{"line":13,"column":0},"end":{"line":20,"column":3}},"3":{"start":{"line":14,"column":2},"end":{"line":19,"column":3}},"4":{"start":{"line":15,"column":17},"end":{"line":15,"column":45}},"5":{"start":{"line":16,"column":4},"end":{"line":16,"column":19}},"6":{"start":{"line":18,"column":4},"end":{"line":18,"column":16}},"7":{"start":{"line":23,"column":0},"end":{"line":30,"column":3}},"8":{"start":{"line":24,"column":2},"end":{"line":29,"column":3}},"9":{"start":{"line":25,"column":17},"end":{"line":25,"column":43}},"10":{"start":{"line":26,"column":4},"end":{"line":26,"column":19}},"11":{"start":{"line":28,"column":4},"end":{"line":28,"column":16}},"12":{"start":{"line":33,"column":0},"end":{"line":40,"column":3}},"13":{"start":{"line":34,"column":2},"end":{"line":39,"column":3}},"14":{"start":{"line":35,"column":17},"end":{"line":35,"column":43}},"15":{"start":{"line":36,"column":4},"end":{"line":36,"column":19}},"16":{"start":{"line":38,"column":4},"end":{"line":38,"column":16}},"17":{"start":{"line":43,"column":0},"end":{"line":50,"column":3}},"18":{"start":{"line":44,"column":2},"end":{"line":49,"column":3}},"19":{"start":{"line":45,"column":24},"end":{"line":45,"column":55}},"20":{"start":{"line":46,"column":4},"end":{"line":46,"column":26}},"21":{"start":{"line":48,"column":4},"end":{"line":48,"column":16}},"22":{"start":{"line":53,"column":0},"end":{"line":60,"column":3}},"23":{"start":{"line":54,"column":2},"end":{"line":59,"column":3}},"24":{"start":{"line":55,"column":17},"end":{"line":55,"column":45}},"25":{"start":{"line":56,"column":4},"end":{"line":56,"column":19}},"26":{"start":{"line":58,"column":4},"end":{"line":58,"column":16}},"27":{"start":{"line":62,"column":0},"end":{"line":62,"column":29}}},"fnMap":{"0":{"name":"(anonymous_0)","decl":{"start":{"line":13,"column":24},"end":{"line":13,"column":25}},"loc":{"start":{"line":13,"column":50},"end":{"line":20,"column":1}},"line":13},"1":{"name":"(anonymous_1)","decl":{"start":{"line":23,"column":22},"end":{"line":23,"column":23}},"loc":{"start":{"line":23,"column":48},"end":{"line":30,"column":1}},"line":23},"2":{"name":"(anonymous_2)","decl":{"start":{"line":33,"column":26},"end":{"line":33,"column":27}},"loc":{"start":{"line":33,"column":52},"end":{"line":40,"column":1}},"line":33},"3":{"name":"(anonymous_3)","decl":{"start":{"line":43,"column":27},"end":{"line":43,"column":28}},"loc":{"start":{"line":43,"column":53},"end":{"line":50,"column":1}},"line":43},"4":{"name":"(anonymous_4)","decl":{"start":{"line":53,"column":29},"end":{"line":53,"column":30}},"loc":{"start":{"line":53,"column":55},"end":{"line":60,"column":1}},"line":53}},"branchMap":{},"s":{"0":1,"1":1,"2":1,"3":0,"4":0,"5":0,"6":0,"7":1,"8":0,"9":0,"10":0,"11":0,"12":1,"13":0,"14":0,"15":0,"16":0,"17":1,"18":0,"19":0,"20":0,"21":0,"22":1,"23":0,"24":0,"25":0,"26":0,"27":1},"f":{"0":0,"1":0,"2":0,"3":0,"4":0},"b":{},"_coverageSchema":"1a1c01bbd47fc00a2c39e90264f33305004495a9","hash":"0ea3fb6667ee8fb0429ca42310a0ebc937fe6824"}
}
