TN:
SF:server/app.js
FN:25,(anonymous_0)
FNF:1
FNH:1
FNDA:1,(anonymous_0)
DA:1,1
DA:2,1
DA:3,1
DA:5,1
DA:7,1
DA:9,1
DA:11,1
DA:12,1
DA:13,1
DA:14,1
DA:15,1
DA:16,1
DA:18,1
DA:19,1
DA:25,1
DA:26,1
DA:32,1
LF:17
LH:17
BRF:0
BRH:0
end_of_record
TN:
SF:server/db/index.js
FNF:0
FNH:0
DA:7,1
DA:14,1
DA:24,1
DA:30,1
DA:32,1
LF:5
LH:5
BRF:0
BRH:0
end_of_record
TN:
SF:server/db/orders.js
FN:3,createOrderByUserId
FN:17,getAllOrders
FN:24,getOrderById
FN:42,getAllOrdersByUserId
FN:60,getCart
FN:77,purchaseCart
FN:91,deleteOrderById
FNF:7
FNH:0
FNDA:0,createOrderByUserId
FNDA:0,getAllOrders
FNDA:0,getOrderById
FNDA:0,getAllOrdersByUserId
FNDA:0,getCart
FNDA:0,purchaseCart
FNDA:0,deleteOrderById
DA:1,1
DA:6,0
DA:14,0
DA:18,0
DA:21,0
DA:27,0
DA:39,0
DA:45,0
DA:56,0
DA:61,0
DA:74,0
DA:80,0
DA:88,0
DA:92,0
DA:99,0
DA:102,1
LF:16
LH:2
BRF:0
BRH:0
end_of_record
TN:
SF:server/db/orders_products.js
FN:3,addToCart
FN:17,removeFromCart
FN:32,updateQtyInCart
FNF:3
FNH:0
FNDA:0,addToCart
FNDA:0,removeFromCart
FNDA:0,updateQtyInCart
DA:1,1
DA:6,0
DA:14,0
DA:20,0
DA:28,0
DA:29,0
DA:35,0
DA:43,0
DA:46,1
LF:9
LH:2
BRF:0
BRH:0
end_of_record
TN:
SF:server/db/pool.js
FNF:0
FNH:0
DA:1,1
DA:4,1
DA:6,1
DA:14,1
LF:4
LH:4
BRDA:4,0,0,1
BRDA:4,0,1,1
BRDA:9,1,0,0
BRDA:9,1,1,1
BRF:4
BRH:3
end_of_record
TN:
SF:server/db/products.js
FN:3,createProduct
FN:17,getAllProducts
FN:24,getProductById
FN:37,updateProduct
FN:53,deleteProduct
FNF:5
FNH:0
FNDA:0,createProduct
FNDA:0,getAllProducts
FNDA:0,getProductById
FNDA:0,updateProduct
FNDA:0,deleteProduct
DA:1,1
DA:6,0
DA:14,0
DA:18,0
DA:21,0
DA:27,0
DA:34,0
DA:40,0
DA:49,0
DA:56,0
DA:64,0
DA:65,0
DA:68,1
LF:13
LH:2
BRF:0
BRH:0
end_of_record
TN:
SF:server/db/users.js
FN:3,createUser
FN:17,getUser
FN:30,loginUser
FN:43,updateUser
FN:59,deleteUser
FNF:5
FNH:0
FNDA:0,createUser
FNDA:0,getUser
FNDA:0,loginUser
FNDA:0,updateUser
FNDA:0,deleteUser
DA:1,1
DA:6,0
DA:14,0
DA:20,0
DA:27,0
DA:33,0
DA:40,0
DA:46,0
DA:55,0
DA:62,0
DA:70,0
DA:73,1
LF:12
LH:2
BRF:0
BRH:0
end_of_record
TN:
SF:server/routes/auth.js
FN:13,(anonymous_0)
FN:39,(anonymous_1)
FN:71,(anonymous_2)
FN:87,(anonymous_3)
FNF:4
FNH:0
FNDA:0,(anonymous_0)
FNDA:0,(anonymous_1)
FNDA:0,(anonymous_2)
FNDA:0,(anonymous_3)
DA:1,1
DA:2,1
DA:3,1
DA:9,1
DA:11,1
DA:13,1
DA:14,0
DA:15,0
DA:17,0
DA:18,0
DA:20,0
DA:22,0
DA:24,0
DA:30,0
DA:31,0
DA:33,0
DA:35,0
DA:39,1
DA:40,0
DA:41,0
DA:43,0
DA:44,0
DA:45,0
DA:46,0
DA:47,0
DA:49,0
DA:53,0
DA:59,0
DA:60,0
DA:61,0
DA:63,0
DA:67,0
DA:71,1
DA:72,0
DA:73,0
DA:78,0
DA:83,0
DA:87,1
DA:88,0
DA:90,0
DA:91,0
DA:92,0
DA:93,0
DA:95,0
DA:99,1
LF:45
LH:10
BRDA:44,0,0,0
BRDA:44,0,1,0
BRDA:46,1,0,0
BRDA:46,1,1,0
BRF:4
BRH:0
end_of_record
TN:
SF:server/routes/index.js
FN:4,(anonymous_0)
FNF:1
FNH:0
FNDA:0,(anonymous_0)
DA:1,1
DA:2,1
DA:4,1
DA:5,0
DA:6,0
DA:7,0
DA:9,0
DA:13,0
DA:15,0
DA:18,1
DA:20,1
DA:22,1
DA:24,1
DA:26,1
LF:14
LH:8
BRF:0
BRH:0
end_of_record
TN:
SF:server/routes/ordersRouter.js
FN:14,(anonymous_0)
FN:24,(anonymous_1)
FN:35,(anonymous_2)
FN:45,(anonymous_3)
FN:55,(anonymous_4)
FN:64,(anonymous_5)
FN:74,(anonymous_6)
FNF:7
FNH:0
FNDA:0,(anonymous_0)
FNDA:0,(anonymous_1)
FNDA:0,(anonymous_2)
FNDA:0,(anonymous_3)
FNDA:0,(anonymous_4)
FNDA:0,(anonymous_5)
FNDA:0,(anonymous_6)
DA:1,1
DA:11,1
DA:14,1
DA:15,0
DA:16,0
DA:17,0
DA:19,0
DA:24,1
DA:25,0
DA:26,0
DA:28,0
DA:30,0
DA:35,1
DA:36,0
DA:37,0
DA:38,0
DA:40,0
DA:45,1
DA:46,0
DA:47,0
DA:48,0
DA:50,0
DA:55,1
DA:56,0
DA:57,0
DA:58,0
DA:60,0
DA:64,1
DA:65,0
DA:66,0
DA:67,0
DA:69,0
DA:74,1
DA:75,0
DA:76,0
DA:77,0
DA:79,0
DA:83,1
LF:38
LH:10
BRF:0
BRH:0
end_of_record
TN:
SF:server/routes/orders_productsRouter.js
FN:6,(anonymous_0)
FN:17,(anonymous_1)
FN:27,(anonymous_2)
FNF:3
FNH:0
FNDA:0,(anonymous_0)
FNDA:0,(anonymous_1)
FNDA:0,(anonymous_2)
DA:1,1
DA:3,1
DA:6,1
DA:7,0
DA:8,0
DA:9,0
DA:10,0
DA:12,0
DA:17,1
DA:18,0
DA:19,0
DA:20,0
DA:22,0
DA:27,1
DA:28,0
DA:29,0
DA:30,0
DA:32,0
DA:36,1
LF:19
LH:6
BRF:0
BRH:0
end_of_record
TN:
SF:server/routes/productsRouter.js
FN:12,(anonymous_0)
FN:22,(anonymous_1)
FN:32,(anonymous_2)
FN:42,(anonymous_3)
FN:52,(anonymous_4)
FNF:5
FNH:0
FNDA:0,(anonymous_0)
FNDA:0,(anonymous_1)
FNDA:0,(anonymous_2)
FNDA:0,(anonymous_3)
FNDA:0,(anonymous_4)
DA:1,1
DA:9,1
DA:12,1
DA:13,0
DA:14,0
DA:15,0
DA:17,0
DA:22,1
DA:23,0
DA:24,0
DA:25,0
DA:27,0
DA:32,1
DA:33,0
DA:34,0
DA:35,0
DA:37,0
DA:42,1
DA:43,0
DA:44,0
DA:45,0
DA:47,0
DA:52,1
DA:53,0
DA:54,0
DA:55,0
DA:57,0
DA:61,1
LF:28
LH:8
BRF:0
BRH:0
end_of_record
TN:
SF:server/routes/usersRouter.js
FN:13,(anonymous_0)
FN:23,(anonymous_1)
FN:33,(anonymous_2)
FN:43,(anonymous_3)
FN:53,(anonymous_4)
FNF:5
FNH:0
FNDA:0,(anonymous_0)
FNDA:0,(anonymous_1)
FNDA:0,(anonymous_2)
FNDA:0,(anonymous_3)
FNDA:0,(anonymous_4)
DA:1,1
DA:10,1
DA:13,1
DA:14,0
DA:15,0
DA:16,0
DA:18,0
DA:23,1
DA:24,0
DA:25,0
DA:26,0
DA:28,0
DA:33,1
DA:34,0
DA:35,0
DA:36,0
DA:38,0
DA:43,1
DA:44,0
DA:45,0
DA:46,0
DA:48,0
DA:53,1
DA:54,0
DA:55,0
DA:56,0
DA:58,0
DA:62,1
LF:28
LH:8
BRF:0
BRH:0
end_of_record
